<?xml version="1.0" encoding="UTF-8"?>
<!-- Generated by org.testng.reporters.JUnitReportReporter -->
<testsuite skipped="0" hostname="PAL-BLR-MUNASAMY" name="com.muna.SampleSeleniumProject.TestClass1" tests="1" failures="0" timestamp="10 Apr 2020 07:06:26 GMT" time="13.913" errors="0">
  <testcase name="testMethod1" time="13.913" classname="com.muna.SampleSeleniumProject.TestClass1"/>
</testsuite> <!-- com.muna.SampleSeleniumProject.TestClass1 -->
